<?xml version="1.0" encoding="UTF-8"?>
<!-- Generated by org.testng.reporters.JUnitReportReporter -->
<testsuite hostname="DESKTOP-9SQBDHC" failures="0" tests="1" name="com.selenium.maven.tests.homePageTest" time="4.608" errors="0" timestamp="2024-04-22T20:05:08 IST" skipped="0">
  <testcase classname="com.selenium.maven.tests.homePageTest" name="selectSrchCatgri" time="4.608"/>
  <system-out/>
</testsuite> <!-- com.selenium.maven.tests.homePageTest -->
