<?xml version="1.0" encoding="UTF-8"?>
<!-- Generated by org.testng.reporters.JUnitReportReporter -->
<testsuite hostname="DESKTOP-9SQBDHC" failures="0" tests="4" name="com.selenium.maven.tests.homePageTest" time="9.182" errors="0" timestamp="2024-04-11T19:16:17 IST" skipped="0">
  <testcase classname="com.selenium.maven.tests.homePageTest" name="verifyTitle" time="0.196"/>
  <system-out/>
  <testcase classname="com.selenium.maven.tests.homePageTest" name="verifySearchBar" time="0.387"/>
  <system-out/>
  <testcase classname="com.selenium.maven.tests.homePageTest" name="verifySearchFunc" time="3.335"/>
  <system-out/>
  <testcase classname="com.selenium.maven.tests.homePageTest" name="verifySearchResult" time="5.264"/>
  <system-out/>
</testsuite> <!-- com.selenium.maven.tests.homePageTest -->
