<?xml version="1.0" encoding="UTF-8"?>
<!-- Generated by org.testng.reporters.JUnitReportReporter -->
<testsuite hostname="DESKTOP-9SQBDHC" failures="0" tests="6" name="com.selenium.maven.tests.homePageTest" time="5.040" errors="0" timestamp="2024-04-19T15:42:48 IST" skipped="0">
  <testcase classname="com.selenium.maven.tests.homePageTest" name="verifyTitle" time="0.484"/>
  <system-out/>
  <testcase classname="com.selenium.maven.tests.homePageTest" name="printDataProviderData" time="0.299"/>
  <system-out/>
  <testcase classname="com.selenium.maven.tests.homePageTest" name="printDataProviderData" time="0.005"/>
  <system-out/>
  <testcase classname="com.selenium.maven.tests.homePageTest" name="verifySearchBar" time="0.503"/>
  <system-out/>
  <testcase classname="com.selenium.maven.tests.homePageTest" name="verifySearchFunc" time="3.339"/>
  <system-out/>
  <testcase classname="com.selenium.maven.tests.homePageTest" name="verifySearchResult" time="0.410"/>
  <system-out/>
</testsuite> <!-- com.selenium.maven.tests.homePageTest -->
