<?xml version="1.0" encoding="UTF-8"?>
<!-- Generated by org.testng.reporters.JUnitReportReporter -->
<testsuite hostname="DESKTOP-9SQBDHC" failures="0" tests="8" name="com.selenium.maven.tests.homePageTest" time="13.422" errors="0" timestamp="2024-04-22T18:40:12 IST" skipped="0">
  <testcase classname="com.selenium.maven.tests.homePageTest" name="printDataProviderData" time="0.012"/>
  <system-out/>
  <testcase classname="com.selenium.maven.tests.homePageTest" name="printDataProviderData" time="0.362"/>
  <system-out/>
  <testcase classname="com.selenium.maven.tests.homePageTest" name="verifyTitle" time="0.488"/>
  <system-out/>
  <testcase classname="com.selenium.maven.tests.homePageTest" name="verifySearchBar" time="0.690"/>
  <system-out/>
  <testcase classname="com.selenium.maven.tests.homePageTest" name="verifySearchFunc" time="3.689"/>
  <system-out/>
  <testcase classname="com.selenium.maven.tests.homePageTest" name="verifySearchResult" time="6.358"/>
  <system-out/>
  <testcase classname="com.selenium.maven.tests.homePageTest" name="closeOpenedSearchItemTab" time="0.345"/>
  <system-out/>
  <testcase classname="com.selenium.maven.tests.homePageTest" name="changeLanguage" time="1.478"/>
  <system-out/>
</testsuite> <!-- com.selenium.maven.tests.homePageTest -->
