<?xml version="1.0" encoding="UTF-8"?>
<!-- Generated by org.testng.reporters.JUnitReportReporter -->
<testsuite hostname="DESKTOP-9SQBDHC" failures="0" tests="8" name="com.selenium.maven.tests.homePageTest" time="10.717" errors="0" timestamp="2024-04-22T18:54:04 IST" skipped="0">
  <testcase classname="com.selenium.maven.tests.homePageTest" name="verifyTitle" time="0.028"/>
  <system-out/>
  <testcase classname="com.selenium.maven.tests.homePageTest" name="printDataProviderData" time="0.337"/>
  <system-out/>
  <testcase classname="com.selenium.maven.tests.homePageTest" name="printDataProviderData" time="0.007"/>
  <system-out/>
  <testcase classname="com.selenium.maven.tests.homePageTest" name="verifySearchBar" time="0.155"/>
  <system-out/>
  <testcase classname="com.selenium.maven.tests.homePageTest" name="verifySearchFunc" time="2.961"/>
  <system-out/>
  <testcase classname="com.selenium.maven.tests.homePageTest" name="verifySearchResult" time="5.757"/>
  <system-out/>
  <testcase classname="com.selenium.maven.tests.homePageTest" name="closeOpenedSearchItemTab" time="0.223"/>
  <system-out/>
  <testcase classname="com.selenium.maven.tests.homePageTest" name="changeLanguage" time="1.249"/>
  <system-out/>
</testsuite> <!-- com.selenium.maven.tests.homePageTest -->
