<?xml version="1.0" encoding="UTF-8"?>
<!-- Generated by org.testng.reporters.JUnitReportReporter -->
<testsuite hostname="DESKTOP-9SQBDHC" failures="0" tests="1" name="com.selenium.maven.tests.homePageTest" time="0.260" errors="0" timestamp="2024-04-16T13:49:11 IST" skipped="0">
  <testcase classname="com.selenium.maven.tests.homePageTest" name="verifySearchBar" time="0.260"/>
  <system-out/>
</testsuite> <!-- com.selenium.maven.tests.homePageTest -->
